mode: set
/Users/s-dai/repo/GildedRose-Refactoring-Kata/go/gilded-rose.go:8.35,9.34 1 1
/Users/s-dai/repo/GildedRose-Refactoring-Kata/go/gilded-rose.go:9.34,11.99 1 1
/Users/s-dai/repo/GildedRose-Refactoring-Kata/go/gilded-rose.go:39.3,39.52 1 1
/Users/s-dai/repo/GildedRose-Refactoring-Kata/go/gilded-rose.go:43.3,43.26 1 1
/Users/s-dai/repo/GildedRose-Refactoring-Kata/go/gilded-rose.go:11.99,12.28 1 1
/Users/s-dai/repo/GildedRose-Refactoring-Kata/go/gilded-rose.go:12.28,13.54 1 0
/Users/s-dai/repo/GildedRose-Refactoring-Kata/go/gilded-rose.go:13.54,16.47 2 0
/Users/s-dai/repo/GildedRose-Refactoring-Kata/go/gilded-rose.go:16.47,18.7 1 0
/Users/s-dai/repo/GildedRose-Refactoring-Kata/go/gilded-rose.go:21.9,22.29 1 0
/Users/s-dai/repo/GildedRose-Refactoring-Kata/go/gilded-rose.go:22.29,24.69 2 0
/Users/s-dai/repo/GildedRose-Refactoring-Kata/go/gilded-rose.go:24.69,25.30 1 0
/Users/s-dai/repo/GildedRose-Refactoring-Kata/go/gilded-rose.go:30.6,30.29 1 0
/Users/s-dai/repo/GildedRose-Refactoring-Kata/go/gilded-rose.go:25.30,26.32 1 0
/Users/s-dai/repo/GildedRose-Refactoring-Kata/go/gilded-rose.go:26.32,28.8 1 0
/Users/s-dai/repo/GildedRose-Refactoring-Kata/go/gilded-rose.go:30.29,31.32 1 0
/Users/s-dai/repo/GildedRose-Refactoring-Kata/go/gilded-rose.go:31.32,33.8 1 0
/Users/s-dai/repo/GildedRose-Refactoring-Kata/go/gilded-rose.go:39.52,41.4 1 1
/Users/s-dai/repo/GildedRose-Refactoring-Kata/go/gilded-rose.go:43.26,44.36 1 1
/Users/s-dai/repo/GildedRose-Refactoring-Kata/go/gilded-rose.go:44.36,45.69 1 1
/Users/s-dai/repo/GildedRose-Refactoring-Kata/go/gilded-rose.go:45.69,46.30 1 1
/Users/s-dai/repo/GildedRose-Refactoring-Kata/go/gilded-rose.go:46.30,47.56 1 0
/Users/s-dai/repo/GildedRose-Refactoring-Kata/go/gilded-rose.go:47.56,50.49 2 0
/Users/s-dai/repo/GildedRose-Refactoring-Kata/go/gilded-rose.go:50.49,52.9 1 0
/Users/s-dai/repo/GildedRose-Refactoring-Kata/go/gilded-rose.go:55.11,57.6 1 0
/Users/s-dai/repo/GildedRose-Refactoring-Kata/go/gilded-rose.go:58.10,59.30 1 0
/Users/s-dai/repo/GildedRose-Refactoring-Kata/go/gilded-rose.go:59.30,61.6 1 0
/Users/s-dai/repo/GildedRose-Refactoring-Kata/go/texttest_fixture.go:9.13,26.22 5 0
/Users/s-dai/repo/GildedRose-Refactoring-Kata/go/texttest_fixture.go:35.2,35.34 1 0
/Users/s-dai/repo/GildedRose-Refactoring-Kata/go/texttest_fixture.go:26.22,28.17 2 0
/Users/s-dai/repo/GildedRose-Refactoring-Kata/go/texttest_fixture.go:32.3,32.9 1 0
/Users/s-dai/repo/GildedRose-Refactoring-Kata/go/texttest_fixture.go:28.17,31.4 2 0
/Users/s-dai/repo/GildedRose-Refactoring-Kata/go/texttest_fixture.go:35.34,38.35 3 0
/Users/s-dai/repo/GildedRose-Refactoring-Kata/go/texttest_fixture.go:41.3,42.23 2 0
/Users/s-dai/repo/GildedRose-Refactoring-Kata/go/texttest_fixture.go:38.35,40.4 1 0
